{
  "RSpec": {
    "coverage": {
      "/Users/apprentice/Desktop/pollarity/pollarity/app/controllers/pages_controller.rb": [
        1,
        null,
        1,
        null,
        null,
        null
      ],
      "/Users/apprentice/Desktop/pollarity/pollarity/app/controllers/application_controller.rb": [
        1,
        null,
        null,
        1,
        null
      ],
      "/Users/apprentice/Desktop/pollarity/pollarity/app/controllers/topics_controller.rb": [
        1,
        null,
        1,
        3,
        3,
        null,
        null,
        1,
        3,
        3,
        null,
        null,
        null
      ],
      "/Users/apprentice/Desktop/pollarity/pollarity/app/models/topic.rb": [
        1,
        1,
        1,
        null,
        1,
        null,
        1,
        null,
        1,
        6,
        null,
        null,
        1,
        3,
        3,
        3,
        null,
        0,
        0,
        0,
        0,
        null,
        null,
        null,
        null,
        null,
        null,
        null,
        1,
        0,
        0,
        0,
        null,
        0,
        null,
        null,
        null,
        null,
        1,
        0,
        0,
        0,
        0,
        0,
        0,
        null,
        null,
        0,
        null,
        null,
        1,
        0,
        0,
        null,
        null,
        1,
        0,
        0,
        0,
        0,
        null,
        null,
        0,
        0,
        null,
        0,
        null,
        null,
        null
      ]
    },
    "timestamp": 1441297344
  }
}
